0 info it worked if it ends with ok
1 verbose cli [ '/home/g59011604/.nvm/versions/node/v10.15.1/bin/node',
1 verbose cli   '/home/g59011604/.nvm/versions/node/v10.15.1/bin/npm',
1 verbose cli   'audit',
1 verbose cli   'fix' ]
2 info using npm@6.7.0
3 info using node@v10.15.1
4 verbose config Skipping project config: /home/g59011604/.npmrc. (matches userconfig)
5 verbose npm-session d8a316ed5940ee12
6 verbose stack Error: No package.json found: Cannot audit a project without a package.json
6 verbose stack     at Bluebird.all.spread (/home/g59011604/.nvm/versions/node/v10.15.1/lib/node_modules/npm/lib/audit.js:164:19)
6 verbose stack     at tryCatcher (/home/g59011604/.nvm/versions/node/v10.15.1/lib/node_modules/npm/node_modules/bluebird/js/release/util.js:16:23)
6 verbose stack     at Promise._settlePromiseFromHandler (/home/g59011604/.nvm/versions/node/v10.15.1/lib/node_modules/npm/node_modules/bluebird/js/release/promise.js:509:35)
6 verbose stack     at Promise._settlePromise (/home/g59011604/.nvm/versions/node/v10.15.1/lib/node_modules/npm/node_modules/bluebird/js/release/promise.js:569:18)
6 verbose stack     at Promise._settlePromise0 (/home/g59011604/.nvm/versions/node/v10.15.1/lib/node_modules/npm/node_modules/bluebird/js/release/promise.js:614:10)
6 verbose stack     at Promise._settlePromises (/home/g59011604/.nvm/versions/node/v10.15.1/lib/node_modules/npm/node_modules/bluebird/js/release/promise.js:694:18)
6 verbose stack     at Promise._fulfill (/home/g59011604/.nvm/versions/node/v10.15.1/lib/node_modules/npm/node_modules/bluebird/js/release/promise.js:638:18)
6 verbose stack     at PromiseArray._resolve (/home/g59011604/.nvm/versions/node/v10.15.1/lib/node_modules/npm/node_modules/bluebird/js/release/promise_array.js:126:19)
6 verbose stack     at PromiseArray._promiseFulfilled (/home/g59011604/.nvm/versions/node/v10.15.1/lib/node_modules/npm/node_modules/bluebird/js/release/promise_array.js:144:14)
6 verbose stack     at PromiseArray._iterate (/home/g59011604/.nvm/versions/node/v10.15.1/lib/node_modules/npm/node_modules/bluebird/js/release/promise_array.js:114:31)
6 verbose stack     at PromiseArray.init [as _init] (/home/g59011604/.nvm/versions/node/v10.15.1/lib/node_modules/npm/node_modules/bluebird/js/release/promise_array.js:78:10)
6 verbose stack     at Promise._settlePromise (/home/g59011604/.nvm/versions/node/v10.15.1/lib/node_modules/npm/node_modules/bluebird/js/release/promise.js:566:21)
6 verbose stack     at Promise._settlePromise0 (/home/g59011604/.nvm/versions/node/v10.15.1/lib/node_modules/npm/node_modules/bluebird/js/release/promise.js:614:10)
6 verbose stack     at Promise._settlePromises (/home/g59011604/.nvm/versions/node/v10.15.1/lib/node_modules/npm/node_modules/bluebird/js/release/promise.js:694:18)
6 verbose stack     at Promise._fulfill (/home/g59011604/.nvm/versions/node/v10.15.1/lib/node_modules/npm/node_modules/bluebird/js/release/promise.js:638:18)
6 verbose stack     at PromiseArray._resolve (/home/g59011604/.nvm/versions/node/v10.15.1/lib/node_modules/npm/node_modules/bluebird/js/release/promise_array.js:126:19)
7 verbose cwd /home/g59011604
8 verbose Linux 4.9.0-8-amd64
9 verbose argv "/home/g59011604/.nvm/versions/node/v10.15.1/bin/node" "/home/g59011604/.nvm/versions/node/v10.15.1/bin/npm" "audit" "fix"
10 verbose node v10.15.1
11 verbose npm  v6.7.0
12 error code EAUDITNOPJSON
13 error audit No package.json found: Cannot audit a project without a package.json
14 verbose exit [ 1, true ]
